#
# There is insufficient memory for the Java Runtime Environment to continue.
# Native memory allocation (malloc) failed to allocate 32744 bytes for Chunk::new
# Possible reasons:
#   The system is out of physical RAM or swap space
#   The process is running with CompressedOops enabled, and the Java Heap may be blocking the growth of the native heap
# Possible solutions:
#   Reduce memory load on the system
#   Increase physical memory or swap space
#   Check if swap backing store is full
#   Decrease Java heap size (-Xmx/-Xms)
#   Decrease number of Java threads
#   Decrease Java thread stack sizes (-Xss)
#   Set larger code cache with -XX:ReservedCodeCacheSize=
#   JVM is running with Unscaled Compressed Oops mode in which the Java heap is
#     placed in the first 4GB address space. The Java Heap base address is the
#     maximum limit for the native heap growth. Please use -XX:HeapBaseMinAddress
#     to set the Java Heap base and to place the Java Heap above 4GB virtual address.
# This output file may be truncated or incomplete.
#
#  Out of Memory Error (arena.cpp:184), pid=26332, tid=22116
#
# JRE version: OpenJDK Runtime Environment (20.0.1+9) (build 20.0.1+9-29)
# Java VM: OpenJDK 64-Bit Server VM (20.0.1+9-29, mixed mode, sharing, tiered, compressed oops, compressed class ptrs, g1 gc, windows-amd64)
# No core dump will be written. Minidumps are not enabled by default on client versions of Windows
#

---------------  S U M M A R Y ------------

Command Line: -javaagent:C:\Program Files\JetBrains\IntelliJ IDEA Community Edition 2023.1\lib\idea_rt.jar=60215:C:\Program Files\JetBrains\IntelliJ IDEA Community Edition 2023.1\bin -Dfile.encoding=UTF-8 -Dsun.stdout.encoding=UTF-8 -Dsun.stderr.encoding=UTF-8 com.douglasholanda.doug.Application

Host: Intel(R) Celeron(R) N4020 CPU @ 1.10GHz, 2 cores, 3G,  Windows 11 , 64 bit Build 22000 (10.0.22000.2538)
Time: Sun Nov 12 19:18:16 2023 Hora oficial do Brasil elapsed time: 1.302401 seconds (0d 0h 0m 1s)

---------------  T H R E A D  ---------------

Current thread (0x000002df42d412e0):  JavaThread "C1 CompilerThread0" daemon [_thread_in_native, id=22116, stack(0x000000e3fac00000,0x000000e3fad00000)]


Current CompileTask:
C1:   1302  809       3       java.net.URLStreamHandler::parseURL (1124 bytes)

Stack: [0x000000e3fac00000,0x000000e3fad00000]
Native frames: (J=compiled Java code, j=interpreted, Vv=VM code, C=native code)
V  [jvm.dll+0x6bb95a]
V  [jvm.dll+0x8485fa]
V  [jvm.dll+0x84a1f5]
V  [jvm.dll+0x84a8f3]
V  [jvm.dll+0x280b0f]
V  [jvm.dll+0xc2b11]
V  [jvm.dll+0xc2e35]
V  [jvm.dll+0x1413fe]
V  [jvm.dll+0x1407b7]
V  [jvm.dll+0x1a4e26]
V  [jvm.dll+0x1a685d]
V  [jvm.dll+0x1a5efa]
V  [jvm.dll+0x16e1db]
V  [jvm.dll+0x157f24]
V  [jvm.dll+0x1580c3]
V  [jvm.dll+0x158384]
V  [jvm.dll+0x1577c6]
V  [jvm.dll+0x1594fd]
V  [jvm.dll+0x259e1b]
V  [jvm.dll+0x2584f0]
V  [jvm.dll+0x3f2895]
V  [jvm.dll+0x7f4b56]
V  [jvm.dll+0x6ba5cb]
C  [ucrtbase.dll+0x26c0c]
C  [KERNEL32.DLL+0x153e0]
C  [ntdll.dll+0x485b]


---------------  P R O C E S S  ---------------

Threads class SMR info:
_java_thread_list=0x000002df47138660, length=12, elements={
0x000002df28711b10, 0x000002df287de660, 0x000002df42d374e0, 0x000002df42d3aa30,
0x000002df42d3c5e0, 0x000002df42d3d050, 0x000002df42d3e130, 0x000002df42d3f000,
0x000002df42d412e0, 0x000002df42dfb3b0, 0x000002df472fa620, 0x000002df47260c90
}

Java Threads: ( => current thread )
  0x000002df28711b10 JavaThread "main" [_thread_in_native, id=23496, stack(0x000000e3f9d00000,0x000000e3f9e00000)]
  0x000002df287de660 JavaThread "Reference Handler" daemon [_thread_blocked, id=18292, stack(0x000000e3fa500000,0x000000e3fa600000)]
  0x000002df42d374e0 JavaThread "Finalizer" daemon [_thread_blocked, id=22948, stack(0x000000e3fa600000,0x000000e3fa700000)]
  0x000002df42d3aa30 JavaThread "Signal Dispatcher" daemon [_thread_blocked, id=11600, stack(0x000000e3fa700000,0x000000e3fa800000)]
  0x000002df42d3c5e0 JavaThread "Attach Listener" daemon [_thread_in_vm, id=24440, stack(0x000000e3fa800000,0x000000e3fa900000)]
  0x000002df42d3d050 JavaThread "Service Thread" daemon [_thread_blocked, id=1520, stack(0x000000e3fa900000,0x000000e3faa00000)]
  0x000002df42d3e130 JavaThread "Monitor Deflation Thread" daemon [_thread_blocked, id=23168, stack(0x000000e3faa00000,0x000000e3fab00000)]
  0x000002df42d3f000 JavaThread "C2 CompilerThread0" daemon [_thread_blocked, id=25352, stack(0x000000e3fab00000,0x000000e3fac00000)]
=>0x000002df42d412e0 JavaThread "C1 CompilerThread0" daemon [_thread_in_native, id=22116, stack(0x000000e3fac00000,0x000000e3fad00000)]
  0x000002df42dfb3b0 JavaThread "Common-Cleaner" daemon [_thread_blocked, id=23244, stack(0x000000e3fad00000,0x000000e3fae00000)]
  0x000002df472fa620 JavaThread "Monitor Ctrl-Break" daemon [_thread_in_native, id=22332, stack(0x000000e3fae00000,0x000000e3faf00000)]
  0x000002df47260c90 JavaThread "Notification Thread" daemon [_thread_blocked, id=10380, stack(0x000000e3faf00000,0x000000e3fb000000)]

Other Threads:
  0x000002df287cb090 VMThread "VM Thread" [stack: 0x000000e3fa400000,0x000000e3fa500000] [id=23268]
  0x000002df472127a0 WatcherThread "VM Periodic Task Thread" [stack: 0x000000e3fb000000,0x000000e3fb100000] [id=20912]
  0x000002df287513d0 WorkerThread "GC Thread#0" [stack: 0x000000e3f9f00000,0x000000e3fa000000] [id=20296]
  0x000002df473a5c30 WorkerThread "GC Thread#1" [stack: 0x000000e3fb100000,0x000000e3fb200000] [id=18588]
  0x000002df28759d60 ConcurrentGCThread "G1 Main Marker" [stack: 0x000000e3fa000000,0x000000e3fa100000] [id=26132]
  0x000002df2875a930 WorkerThread "G1 Conc#0" [stack: 0x000000e3fa100000,0x000000e3fa200000] [id=21252]
  0x000002df287a2790 ConcurrentGCThread "G1 Refine#0" [stack: 0x000000e3fa200000,0x000000e3fa300000] [id=19308]
  0x000002df287a33d0 ConcurrentGCThread "G1 Service" [stack: 0x000000e3fa300000,0x000000e3fa400000] [id=19632]

Threads with active compile tasks:
C1 CompilerThread0     1359  809       3       java.net.URLStreamHandler::parseURL (1124 bytes)

VM state: not at safepoint (normal execution)

VM Mutex/Monitor currently owned by a thread: None

Heap address: 0x00000000c2c00000, size: 980 MB, Compressed Oops mode: 32-bit

CDS archive(s) mapped at: [0x0000000800000000-0x0000000800c60000-0x0000000800c60000), size 12976128, SharedBaseAddress: 0x0000000800000000, ArchiveRelocationMode: 0.
Compressed class space mapped at: 0x0000000801000000-0x0000000841000000, reserved size: 1073741824
Narrow klass base: 0x0000000800000000, Narrow klass shift: 0, Narrow klass range: 0x100000000

GC Precious Log:
 CardTable entry size: 512
 Card Set container configuration: InlinePtr #cards 5 size 8 Array Of Cards #cards 12 size 40 Howl #buckets 4 coarsen threshold 1843 Howl Bitmap #cards 512 size 80 coarsen threshold 460 Card regions per heap region 1 cards per card region 2048
 CPUs: 2 total, 2 available
 Memory: 3916M
 Large Page Support: Disabled
 NUMA Support: Disabled
 Compressed Oops: Enabled (32-bit)
 Heap Region Size: 1M
 Heap Min Capacity: 8M
 Heap Initial Capacity: 62M
 Heap Max Capacity: 980M
 Pre-touch: Disabled
 Parallel Workers: 2
 Concurrent Workers: 1
 Concurrent Refinement Workers: 2
 Periodic GC: Disabled

Heap:
 garbage-first heap   total 63488K, used 5712K [0x00000000c2c00000, 0x0000000100000000)
  region size 1024K, 5 young (5120K), 1 survivors (1024K)
 Metaspace       used 3399K, committed 3648K, reserved 1114112K
  class space    used 341K, committed 448K, reserved 1048576K

Heap Regions: E=young(eden), S=young(survivor), O=old, HS=humongous(starts), HC=humongous(continues), CS=collection set, F=free, OA=open archive, CA=closed archive, TAMS=top-at-mark-start, PB=parsable bottom
|   0|0x00000000c2c00000, 0x00000000c2d00000, 0x00000000c2d00000|100%| O|  |TAMS 0x00000000c2c00000| PB 0x00000000c2c00000| Untracked 
|   1|0x00000000c2d00000, 0x00000000c2d94200, 0x00000000c2e00000| 57%| O|  |TAMS 0x00000000c2d00000| PB 0x00000000c2d00000| Untracked 
|   2|0x00000000c2e00000, 0x00000000c2e00000, 0x00000000c2f00000|  0%| F|  |TAMS 0x00000000c2e00000| PB 0x00000000c2e00000| Untracked 
|   3|0x00000000c2f00000, 0x00000000c2f00000, 0x00000000c3000000|  0%| F|  |TAMS 0x00000000c2f00000| PB 0x00000000c2f00000| Untracked 
|   4|0x00000000c3000000, 0x00000000c3000000, 0x00000000c3100000|  0%| F|  |TAMS 0x00000000c3000000| PB 0x00000000c3000000| Untracked 
|   5|0x00000000c3100000, 0x00000000c3100000, 0x00000000c3200000|  0%| F|  |TAMS 0x00000000c3100000| PB 0x00000000c3100000| Untracked 
|   6|0x00000000c3200000, 0x00000000c3200000, 0x00000000c3300000|  0%| F|  |TAMS 0x00000000c3200000| PB 0x00000000c3200000| Untracked 
|   7|0x00000000c3300000, 0x00000000c3300000, 0x00000000c3400000|  0%| F|  |TAMS 0x00000000c3300000| PB 0x00000000c3300000| Untracked 
|   8|0x00000000c3400000, 0x00000000c3400000, 0x00000000c3500000|  0%| F|  |TAMS 0x00000000c3400000| PB 0x00000000c3400000| Untracked 
|   9|0x00000000c3500000, 0x00000000c3500000, 0x00000000c3600000|  0%| F|  |TAMS 0x00000000c3500000| PB 0x00000000c3500000| Untracked 
|  10|0x00000000c3600000, 0x00000000c3600000, 0x00000000c3700000|  0%| F|  |TAMS 0x00000000c3600000| PB 0x00000000c3600000| Untracked 
|  11|0x00000000c3700000, 0x00000000c3700000, 0x00000000c3800000|  0%| F|  |TAMS 0x00000000c3700000| PB 0x00000000c3700000| Untracked 
|  12|0x00000000c3800000, 0x00000000c3800000, 0x00000000c3900000|  0%| F|  |TAMS 0x00000000c3800000| PB 0x00000000c3800000| Untracked 
|  13|0x00000000c3900000, 0x00000000c3900000, 0x00000000c3a00000|  0%| F|  |TAMS 0x00000000c3900000| PB 0x00000000c3900000| Untracked 
|  14|0x00000000c3a00000, 0x00000000c3a00000, 0x00000000c3b00000|  0%| F|  |TAMS 0x00000000c3a00000| PB 0x00000000c3a00000| Untracked 
|  15|0x00000000c3b00000, 0x00000000c3b00000, 0x00000000c3c00000|  0%| F|  |TAMS 0x00000000c3b00000| PB 0x00000000c3b00000| Untracked 
|  16|0x00000000c3c00000, 0x00000000c3c00000, 0x00000000c3d00000|  0%| F|  |TAMS 0x00000000c3c00000| PB 0x00000000c3c00000| Untracked 
|  17|0x00000000c3d00000, 0x00000000c3d00000, 0x00000000c3e00000|  0%| F|  |TAMS 0x00000000c3d00000| PB 0x00000000c3d00000| Untracked 
|  18|0x00000000c3e00000, 0x00000000c3e00000, 0x00000000c3f00000|  0%| F|  |TAMS 0x00000000c3e00000| PB 0x00000000c3e00000| Untracked 
|  19|0x00000000c3f00000, 0x00000000c3f00000, 0x00000000c4000000|  0%| F|  |TAMS 0x00000000c3f00000| PB 0x00000000c3f00000| Untracked 
|  20|0x00000000c4000000, 0x00000000c4000000, 0x00000000c4100000|  0%| F|  |TAMS 0x00000000c4000000| PB 0x00000000c4000000| Untracked 
|  21|0x00000000c4100000, 0x00000000c4100000, 0x00000000c4200000|  0%| F|  |TAMS 0x00000000c4100000| PB 0x00000000c4100000| Untracked 
|  22|0x00000000c4200000, 0x00000000c4200000, 0x00000000c4300000|  0%| F|  |TAMS 0x00000000c4200000| PB 0x00000000c4200000| Untracked 
|  23|0x00000000c4300000, 0x00000000c4300000, 0x00000000c4400000|  0%| F|  |TAMS 0x00000000c4300000| PB 0x00000000c4300000| Untracked 
|  24|0x00000000c4400000, 0x00000000c4400000, 0x00000000c4500000|  0%| F|  |TAMS 0x00000000c4400000| PB 0x00000000c4400000| Untracked 
|  25|0x00000000c4500000, 0x00000000c4500000, 0x00000000c4600000|  0%| F|  |TAMS 0x00000000c4500000| PB 0x00000000c4500000| Untracked 
|  26|0x00000000c4600000, 0x00000000c4600000, 0x00000000c4700000|  0%| F|  |TAMS 0x00000000c4600000| PB 0x00000000c4600000| Untracked 
|  27|0x00000000c4700000, 0x00000000c4700000, 0x00000000c4800000|  0%| F|  |TAMS 0x00000000c4700000| PB 0x00000000c4700000| Untracked 
|  28|0x00000000c4800000, 0x00000000c4800000, 0x00000000c4900000|  0%| F|  |TAMS 0x00000000c4800000| PB 0x00000000c4800000| Untracked 
|  29|0x00000000c4900000, 0x00000000c4900000, 0x00000000c4a00000|  0%| F|  |TAMS 0x00000000c4900000| PB 0x00000000c4900000| Untracked 
|  30|0x00000000c4a00000, 0x00000000c4a00000, 0x00000000c4b00000|  0%| F|  |TAMS 0x00000000c4a00000| PB 0x00000000c4a00000| Untracked 
|  31|0x00000000c4b00000, 0x00000000c4b00000, 0x00000000c4c00000|  0%| F|  |TAMS 0x00000000c4b00000| PB 0x00000000c4b00000| Untracked 
|  32|0x00000000c4c00000, 0x00000000c4c00000, 0x00000000c4d00000|  0%| F|  |TAMS 0x00000000c4c00000| PB 0x00000000c4c00000| Untracked 
|  33|0x00000000c4d00000, 0x00000000c4d00000, 0x00000000c4e00000|  0%| F|  |TAMS 0x00000000c4d00000| PB 0x00000000c4d00000| Untracked 
|  34|0x00000000c4e00000, 0x00000000c4e00000, 0x00000000c4f00000|  0%| F|  |TAMS 0x00000000c4e00000| PB 0x00000000c4e00000| Untracked 
|  35|0x00000000c4f00000, 0x00000000c4f00000, 0x00000000c5000000|  0%| F|  |TAMS 0x00000000c4f00000| PB 0x00000000c4f00000| Untracked 
|  36|0x00000000c5000000, 0x00000000c5000000, 0x00000000c5100000|  0%| F|  |TAMS 0x00000000c5000000| PB 0x00000000c5000000| Untracked 
|  37|0x00000000c5100000, 0x00000000c5100000, 0x00000000c5200000|  0%| F|  |TAMS 0x00000000c5100000| PB 0x00000000c5100000| Untracked 
|  38|0x00000000c5200000, 0x00000000c5200000, 0x00000000c5300000|  0%| F|  |TAMS 0x00000000c5200000| PB 0x00000000c5200000| Untracked 
|  39|0x00000000c5300000, 0x00000000c5300000, 0x00000000c5400000|  0%| F|  |TAMS 0x00000000c5300000| PB 0x00000000c5300000| Untracked 
|  40|0x00000000c5400000, 0x00000000c5400000, 0x00000000c5500000|  0%| F|  |TAMS 0x00000000c5400000| PB 0x00000000c5400000| Untracked 
|  41|0x00000000c5500000, 0x00000000c5500000, 0x00000000c5600000|  0%| F|  |TAMS 0x00000000c5500000| PB 0x00000000c5500000| Untracked 
|  42|0x00000000c5600000, 0x00000000c5600000, 0x00000000c5700000|  0%| F|  |TAMS 0x00000000c5600000| PB 0x00000000c5600000| Untracked 
|  43|0x00000000c5700000, 0x00000000c5700000, 0x00000000c5800000|  0%| F|  |TAMS 0x00000000c5700000| PB 0x00000000c5700000| Untracked 
|  44|0x00000000c5800000, 0x00000000c5800000, 0x00000000c5900000|  0%| F|  |TAMS 0x00000000c5800000| PB 0x00000000c5800000| Untracked 
|  45|0x00000000c5900000, 0x00000000c5900000, 0x00000000c5a00000|  0%| F|  |TAMS 0x00000000c5900000| PB 0x00000000c5900000| Untracked 
|  46|0x00000000c5a00000, 0x00000000c5a00000, 0x00000000c5b00000|  0%| F|  |TAMS 0x00000000c5a00000| PB 0x00000000c5a00000| Untracked 
|  47|0x00000000c5b00000, 0x00000000c5b00000, 0x00000000c5c00000|  0%| F|  |TAMS 0x00000000c5b00000| PB 0x00000000c5b00000| Untracked 
|  48|0x00000000c5c00000, 0x00000000c5c00000, 0x00000000c5d00000|  0%| F|  |TAMS 0x00000000c5c00000| PB 0x00000000c5c00000| Untracked 
|  49|0x00000000c5d00000, 0x00000000c5d00000, 0x00000000c5e00000|  0%| F|  |TAMS 0x00000000c5d00000| PB 0x00000000c5d00000| Untracked 
|  50|0x00000000c5e00000, 0x00000000c5e00000, 0x00000000c5f00000|  0%| F|  |TAMS 0x00000000c5e00000| PB 0x00000000c5e00000| Untracked 
|  51|0x00000000c5f00000, 0x00000000c5f00000, 0x00000000c6000000|  0%| F|  |TAMS 0x00000000c5f00000| PB 0x00000000c5f00000| Untracked 
|  52|0x00000000c6000000, 0x00000000c6000000, 0x00000000c6100000|  0%| F|  |TAMS 0x00000000c6000000| PB 0x00000000c6000000| Untracked 
|  53|0x00000000c6100000, 0x00000000c6100000, 0x00000000c6200000|  0%| F|  |TAMS 0x00000000c6100000| PB 0x00000000c6100000| Untracked 
|  54|0x00000000c6200000, 0x00000000c6200000, 0x00000000c6300000|  0%| F|  |TAMS 0x00000000c6200000| PB 0x00000000c6200000| Untracked 
|  55|0x00000000c6300000, 0x00000000c6400000, 0x00000000c6400000|100%| S|CS|TAMS 0x00000000c6300000| PB 0x00000000c6300000| Complete 
|  56|0x00000000c6400000, 0x00000000c6400000, 0x00000000c6500000|  0%| F|  |TAMS 0x00000000c6400000| PB 0x00000000c6400000| Untracked 
|  57|0x00000000c6500000, 0x00000000c6500000, 0x00000000c6600000|  0%| F|  |TAMS 0x00000000c6500000| PB 0x00000000c6500000| Untracked 
|  58|0x00000000c6600000, 0x00000000c66e7948, 0x00000000c6700000| 90%| E|  |TAMS 0x00000000c6600000| PB 0x00000000c6600000| Complete 
|  59|0x00000000c6700000, 0x00000000c6800000, 0x00000000c6800000|100%| E|CS|TAMS 0x00000000c6700000| PB 0x00000000c6700000| Complete 
|  60|0x00000000c6800000, 0x00000000c6900000, 0x00000000c6900000|100%| E|CS|TAMS 0x00000000c6800000| PB 0x00000000c6800000| Complete 
|  61|0x00000000c6900000, 0x00000000c6a00000, 0x00000000c6a00000|100%| E|CS|TAMS 0x00000000c6900000| PB 0x00000000c6900000| Complete 

Card table byte_map: [0x000002df3f7d0000,0x000002df3f9c0000] _byte_map_base: 0x000002df3f1ba000

Marking Bits: (CMBitMap*) 0x000002df28751a00
 Bits: [0x000002df3fbb0000, 0x000002df40b00000)

Polling page: 0x000002df27ee0000

Metaspace:

Usage:
  Non-class:      2.99 MB used.
      Class:    341.07 KB used.
       Both:      3.32 MB used.

Virtual space:
  Non-class space:       64.00 MB reserved,       3.12 MB (  5%) committed,  1 nodes.
      Class space:        1.00 GB reserved,     448.00 KB ( <1%) committed,  1 nodes.
             Both:        1.06 GB reserved,       3.56 MB ( <1%) committed. 

Chunk freelists:
   Non-Class:  2.80 MB
       Class:  3.54 MB
        Both:  6.34 MB

MaxMetaspaceSize: unlimited
CompressedClassSpaceSize: 1.00 GB
Initial GC threshold: 21.00 MB
Current GC threshold: 21.00 MB
CDS: on
MetaspaceReclaimPolicy: balanced
 - commit_granule_bytes: 65536.
 - commit_granule_words: 8192.
 - virtual_space_node_default_size: 8388608.
 - enlarge_chunks_in_place: 1.
 - new_chunks_are_fully_committed: 0.
 - uncommit_free_chunks: 1.
 - use_allocation_guard: 0.


Internal statistics:

num_allocs_failed_limit: 0.
num_arena_births: 126.
num_arena_deaths: 0.
num_vsnodes_births: 2.
num_vsnodes_deaths: 0.
num_space_committed: 57.
num_space_uncommitted: 0.
num_chunks_returned_to_freelist: 0.
num_chunks_taken_from_freelist: 229.
num_chunk_merges: 0.
num_chunk_splits: 128.
num_chunks_enlarged: 49.
num_inconsistent_stats: 0.

CodeHeap 'non-profiled nmethods': size=120064Kb used=280Kb max_used=280Kb free=119783Kb
 bounds [0x000002df38290000, 0x000002df38500000, 0x000002df3f7d0000]
CodeHeap 'profiled nmethods': size=120000Kb used=1273Kb max_used=1273Kb free=118726Kb
 bounds [0x000002df307d0000, 0x000002df30a40000, 0x000002df37d00000]
CodeHeap 'non-nmethods': size=5696Kb used=1410Kb max_used=1427Kb free=4285Kb
 bounds [0x000002df37d00000, 0x000002df37f70000, 0x000002df38290000]
 total_blobs=1264 nmethods=811 adapters=365
 compilation: enabled
              stopped_count=0, restarted_count=0
 full_count=0

Compilation events (20 events):
Event: 1.272 Thread 0x000002df42d412e0  800   !   3       java.util.zip.ZipFile$ZipFileInflaterInputStream::close (67 bytes)
Event: 1.273 Thread 0x000002df42d412e0 nmethod 800 0x000002df3090ae90 code [0x000002df3090b0c0, 0x000002df3090b910]
Event: 1.274 Thread 0x000002df42d3f000 nmethod 792 0x000002df382d3210 code [0x000002df382d3400, 0x000002df382d3fa0]
Event: 1.274 Thread 0x000002df42d3f000  799       4       java.util.zip.ZipUtils::CENHOW (9 bytes)
Event: 1.275 Thread 0x000002df42d3f000 nmethod 799 0x000002df382d4a10 code [0x000002df382d4b80, 0x000002df382d4c50]
Event: 1.276 Thread 0x000002df42d412e0  801   !   3       java.util.zip.ZipFile$CleanableResource::getInflater (47 bytes)
Event: 1.276 Thread 0x000002df42d412e0 nmethod 801 0x000002df3090bc90 code [0x000002df3090be60, 0x000002df3090c370]
Event: 1.276 Thread 0x000002df42d412e0  802       3       java.util.zip.ZipFile$ZipFileInflaterInputStream::<init> (41 bytes)
Event: 1.277 Thread 0x000002df42d412e0 nmethod 802 0x000002df3090c510 code [0x000002df3090c6e0, 0x000002df3090cb88]
Event: 1.277 Thread 0x000002df42d412e0  803       3       java.util.zip.ZipFile$ZipFileInflaterInputStream::fill (80 bytes)
Event: 1.277 Thread 0x000002df42d412e0 nmethod 803 0x000002df3090cd10 code [0x000002df3090cee0, 0x000002df3090d268]
Event: 1.278 Thread 0x000002df42d412e0  804       3       java.util.zip.ZipFile$InflaterCleanupAction::run (12 bytes)
Event: 1.278 Thread 0x000002df42d412e0 nmethod 804 0x000002df3090d410 code [0x000002df3090d5a0, 0x000002df3090d700]
Event: 1.278 Thread 0x000002df42d412e0  805   !   3       java.util.zip.Inflater::reset (64 bytes)
Event: 1.278 Thread 0x000002df42d412e0 nmethod 805 0x000002df3090d810 code [0x000002df3090d9c0, 0x000002df3090dd40]
Event: 1.280 Thread 0x000002df42d412e0  807       3       java.lang.invoke.MethodType::basicType (8 bytes)
Event: 1.280 Thread 0x000002df42d412e0 nmethod 807 0x000002df3090df10 code [0x000002df3090e0a0, 0x000002df3090e1d0]
Event: 1.282 Thread 0x000002df42d412e0  808       3       jdk.internal.ref.CleanerImpl$PhantomCleanableRef::<init> (12 bytes)
Event: 1.283 Thread 0x000002df42d412e0 nmethod 808 0x000002df3090e290 code [0x000002df3090e420, 0x000002df3090e5c0]
Event: 1.285 Thread 0x000002df42d412e0  809       3       java.net.URLStreamHandler::parseURL (1124 bytes)

GC Heap History (2 events):
Event: 0.774 GC heap before
{Heap before GC invocations=0 (full 0):
 garbage-first heap   total 63488K, used 5120K [0x00000000c2c00000, 0x0000000100000000)
  region size 1024K, 6 young (6144K), 0 survivors (0K)
 Metaspace       used 1749K, committed 1920K, reserved 1114112K
  class space    used 149K, committed 256K, reserved 1048576K
}
Event: 0.782 GC heap after
{Heap after GC invocations=1 (full 0):
 garbage-first heap   total 63488K, used 2640K [0x00000000c2c00000, 0x0000000100000000)
  region size 1024K, 1 young (1024K), 1 survivors (1024K)
 Metaspace       used 1749K, committed 1920K, reserved 1114112K
  class space    used 149K, committed 256K, reserved 1048576K
}

Dll operation events (10 events):
Event: 0.019 Loaded shared library C:\Users\DOUGLAS\.jdks\openjdk-20.0.1\bin\java.dll
Event: 0.063 Loaded shared library C:\Users\DOUGLAS\.jdks\openjdk-20.0.1\bin\jsvml.dll
Event: 0.341 Loaded shared library C:\Users\DOUGLAS\.jdks\openjdk-20.0.1\bin\zip.dll
Event: 0.350 Loaded shared library C:\Users\DOUGLAS\.jdks\openjdk-20.0.1\bin\instrument.dll
Event: 0.366 Loaded shared library C:\Users\DOUGLAS\.jdks\openjdk-20.0.1\bin\net.dll
Event: 0.369 Loaded shared library C:\Users\DOUGLAS\.jdks\openjdk-20.0.1\bin\nio.dll
Event: 0.378 Loaded shared library C:\Users\DOUGLAS\.jdks\openjdk-20.0.1\bin\zip.dll
Event: 0.553 Loaded shared library C:\Program Files\JetBrains\IntelliJ IDEA Community Edition 2023.1\bin\breakgen64.dll
Event: 0.576 Loaded shared library C:\Users\DOUGLAS\.jdks\openjdk-20.0.1\bin\extnet.dll
Event: 0.658 Loaded shared library C:\Users\DOUGLAS\.jdks\openjdk-20.0.1\bin\jimage.dll

Deoptimization events (20 events):
Event: 0.555 Thread 0x000002df28711b10 Uncommon trap: trap_request=0xffffff45 fr.pc=0x000002df3829536c relative=0x000000000000006c
Event: 0.555 Thread 0x000002df28711b10 Uncommon trap: reason=unstable_if action=reinterpret pc=0x000002df3829536c method=java.lang.String.isLatin1()Z @ 10 c2
Event: 0.555 Thread 0x000002df28711b10 DEOPT PACKING pc=0x000002df3829536c sp=0x000000e3f9dfe1f0
Event: 0.555 Thread 0x000002df28711b10 DEOPT UNPACKING pc=0x000002df37d69d1c sp=0x000000e3f9dfe180 mode 2
Event: 0.555 Thread 0x000002df28711b10 Uncommon trap: trap_request=0xffffff45 fr.pc=0x000002df382959b0 relative=0x00000000000000b0
Event: 0.555 Thread 0x000002df28711b10 Uncommon trap: reason=unstable_if action=reinterpret pc=0x000002df382959b0 method=java.lang.String.isLatin1()Z @ 10 c2
Event: 0.555 Thread 0x000002df28711b10 DEOPT PACKING pc=0x000002df382959b0 sp=0x000000e3f9dfec00
Event: 0.555 Thread 0x000002df28711b10 DEOPT UNPACKING pc=0x000002df37d69d1c sp=0x000000e3f9dfeb40 mode 2
Event: 0.566 Thread 0x000002df28711b10 DEOPT PACKING pc=0x000002df307d8fc1 sp=0x000000e3f9dfa7a0
Event: 0.566 Thread 0x000002df28711b10 DEOPT UNPACKING pc=0x000002df37d6a4a3 sp=0x000000e3f9df9c18 mode 0
Event: 0.667 Thread 0x000002df28711b10 Uncommon trap: trap_request=0xffffff45 fr.pc=0x000002df382a8e70 relative=0x0000000000000070
Event: 0.667 Thread 0x000002df28711b10 Uncommon trap: reason=unstable_if action=reinterpret pc=0x000002df382a8e70 method=java.io.WinNTFileSystem.isSlash(C)Z @ 9 c2
Event: 0.667 Thread 0x000002df28711b10 DEOPT PACKING pc=0x000002df382a8e70 sp=0x000000e3f9dfd900
Event: 0.667 Thread 0x000002df28711b10 DEOPT UNPACKING pc=0x000002df37d69d1c sp=0x000000e3f9dfd888 mode 2
Event: 0.681 Thread 0x000002df28711b10 DEOPT PACKING pc=0x000002df3081a828 sp=0x000000e3f9df9410
Event: 0.681 Thread 0x000002df28711b10 DEOPT UNPACKING pc=0x000002df37d6a4a3 sp=0x000000e3f9df8890 mode 0
Event: 0.816 Thread 0x000002df28711b10 Uncommon trap: trap_request=0xffffff45 fr.pc=0x000002df382c0d78 relative=0x0000000000000338
Event: 0.816 Thread 0x000002df28711b10 Uncommon trap: reason=unstable_if action=reinterpret pc=0x000002df382c0d78 method=java.io.BufferedReader.implRead()I @ 12 c2
Event: 0.816 Thread 0x000002df28711b10 DEOPT PACKING pc=0x000002df382c0d78 sp=0x000000e3f9dfc800
Event: 0.816 Thread 0x000002df28711b10 DEOPT UNPACKING pc=0x000002df37d69d1c sp=0x000000e3f9dfc6d8 mode 2

Classes loaded (20 events):
Event: 1.218 Loading class java/util/stream/DistinctOps$1$2
Event: 1.218 Loading class java/util/stream/DistinctOps$1$2 done
Event: 1.282 Loading class jdk/internal/vm/VMSupport
Event: 1.282 Loading class jdk/internal/vm/VMSupport done
Event: 1.283 Loading class sun/nio/cs/ISO_8859_1$Encoder
Event: 1.283 Loading class sun/nio/cs/ISO_8859_1$Encoder done
Event: 1.283 Loading class sun/nio/cs/Surrogate$Parser
Event: 1.283 Loading class sun/nio/cs/Surrogate$Parser done
Event: 1.283 Loading class sun/nio/cs/Surrogate
Event: 1.283 Loading class sun/nio/cs/Surrogate done
Event: 1.284 Loading class sun/util/locale/provider/TimeZoneNameUtility
Event: 1.284 Loading class sun/util/locale/provider/TimeZoneNameUtility done
Event: 1.285 Loading class sun/util/locale/provider/TimeZoneNameUtility$TimeZoneNameGetter
Event: 1.285 Loading class sun/util/locale/provider/TimeZoneNameUtility$TimeZoneNameGetter done
Event: 1.289 Loading class jdk/internal/module/ModulePatcher$PatchedModuleReader
Event: 1.289 Loading class jdk/internal/module/ModulePatcher$PatchedModuleReader done
Event: 1.291 Loading class sun/util/cldr/CLDRTimeZoneNameProviderImpl
Event: 1.291 Loading class sun/util/locale/provider/TimeZoneNameProviderImpl
Event: 1.291 Loading class sun/util/locale/provider/TimeZoneNameProviderImpl done
Event: 1.291 Loading class sun/util/cldr/CLDRTimeZoneNameProviderImpl done

Classes unloaded (0 events):
No events

Classes redefined (0 events):
No events

Internal exceptions (8 events):
Event: 0.535 Thread 0x000002df28711b10 Exception <a 'java/lang/NoSuchMethodError'{0x00000000c6677dd0}: 'void java.lang.invoke.DirectMethodHandle$Holder.invokeStatic(java.lang.Object, java.lang.Object, java.lang.Object)'> (0x00000000c6677dd0) 
thrown [s\open\src\hotspot\share\interpreter\linkResolver.cpp, line 773]
Event: 0.542 Thread 0x000002df28711b10 Exception <a 'java/lang/NoSuchMethodError'{0x00000000c66ad870}: 'java.lang.Object java.lang.invoke.Invokers$Holder.invokeExact_MT(java.lang.Object, java.lang.Object, java.lang.Object, java.lang.Object, java.lang.Object)'> (0x00000000c66ad870) 
thrown [s\open\src\hotspot\share\interpreter\linkResolver.cpp, line 773]
Event: 0.581 Thread 0x000002df472fa620 Exception <a 'java/lang/NoSuchMethodError'{0x00000000c66c4338}: 'void java.lang.invoke.DirectMethodHandle$Holder.invokeStatic(java.lang.Object, java.lang.Object)'> (0x00000000c66c4338) 
thrown [s\open\src\hotspot\share\interpreter\linkResolver.cpp, line 773]
Event: 0.767 Thread 0x000002df28711b10 Exception <a 'java/lang/NoSuchMethodError'{0x00000000c64ea138}: 'java.lang.Object java.lang.invoke.DirectMethodHandle$Holder.invokeSpecial(java.lang.Object, java.lang.Object, java.lang.Object, long, java.lang.Object)'> (0x00000000c64ea138) 
thrown [s\open\src\hotspot\share\interpreter\linkResolver.cpp, line 773]
Event: 0.768 Thread 0x000002df28711b10 Exception <a 'java/lang/NoSuchMethodError'{0x00000000c64eda88}: 'java.lang.Object java.lang.invoke.Invokers$Holder.linkToTargetMethod(java.lang.Object, long, java.lang.Object, java.lang.Object)'> (0x00000000c64eda88) 
thrown [s\open\src\hotspot\share\interpreter\linkResolver.cpp, line 773]
Event: 0.826 Thread 0x000002df28711b10 Exception <a 'java/lang/ClassNotFoundException'{0x00000000c693ba18}: javax/smartcardio/CardPermission> (0x00000000c693ba18) 
thrown [s\open\src\hotspot\share\classfile\systemDictionary.cpp, line 305]
Event: 0.858 Thread 0x000002df28711b10 Exception <a 'java/io/FileNotFoundException'{0x00000000c6949ea8}> (0x00000000c6949ea8) 
thrown [s\open\src\hotspot\share\prims\jni.cpp, line 519]
Event: 1.078 Thread 0x000002df28711b10 Exception <a 'java/lang/NoSuchMethodError'{0x00000000c6758438}: 'void java.lang.invoke.DirectMethodHandle$Holder.invokeStatic(java.lang.Object, java.lang.Object, java.lang.Object, java.lang.Object)'> (0x00000000c6758438) 
thrown [s\open\src\hotspot\share\interpreter\linkResolver.cpp, line 773]

VM Operations (8 events):
Event: 0.285 Executing VM operation: HandshakeAllThreads
Event: 0.285 Executing VM operation: HandshakeAllThreads done
Event: 0.565 Executing VM operation: HandshakeAllThreads
Event: 0.565 Executing VM operation: HandshakeAllThreads done
Event: 0.667 Executing VM operation: HandshakeAllThreads
Event: 0.667 Executing VM operation: HandshakeAllThreads done
Event: 0.774 Executing VM operation: G1CollectForAllocation
Event: 0.782 Executing VM operation: G1CollectForAllocation done

Events (12 events):
Event: 0.063 Thread 0x000002df28711b10 Thread added: 0x000002df28711b10
Event: 0.105 Thread 0x000002df287de660 Thread added: 0x000002df287de660
Event: 0.105 Thread 0x000002df42d374e0 Thread added: 0x000002df42d374e0
Event: 0.106 Thread 0x000002df42d3aa30 Thread added: 0x000002df42d3aa30
Event: 0.106 Thread 0x000002df42d3c5e0 Thread added: 0x000002df42d3c5e0
Event: 0.106 Thread 0x000002df42d3d050 Thread added: 0x000002df42d3d050
Event: 0.106 Thread 0x000002df42d3e130 Thread added: 0x000002df42d3e130
Event: 0.106 Thread 0x000002df42d3f000 Thread added: 0x000002df42d3f000
Event: 0.106 Thread 0x000002df42d412e0 Thread added: 0x000002df42d412e0
Event: 0.254 Thread 0x000002df42dfb3b0 Thread added: 0x000002df42dfb3b0
Event: 0.554 Thread 0x000002df472fa620 Thread added: 0x000002df472fa620
Event: 0.554 Thread 0x000002df47260c90 Thread added: 0x000002df47260c90


Dynamic libraries:
0x00007ff67ce20000 - 0x00007ff67ce2e000 	C:\Users\DOUGLAS\.jdks\openjdk-20.0.1\bin\java.exe
0x00007fff5f480000 - 0x00007fff5f689000 	C:\WINDOWS\SYSTEM32\ntdll.dll
0x00007fff5eb00000 - 0x00007fff5ebbd000 	C:\WINDOWS\System32\KERNEL32.DLL
0x00007fff5caa0000 - 0x00007fff5ce24000 	C:\WINDOWS\System32\KERNELBASE.dll
0x00007fff5c980000 - 0x00007fff5ca91000 	C:\WINDOWS\System32\ucrtbase.dll
0x00007fff57150000 - 0x00007fff57167000 	C:\Users\DOUGLAS\.jdks\openjdk-20.0.1\bin\jli.dll
0x00007fff5dfd0000 - 0x00007fff5e17d000 	C:\WINDOWS\System32\USER32.dll
0x00007fff5d0e0000 - 0x00007fff5d106000 	C:\WINDOWS\System32\win32u.dll
0x00007fff5edf0000 - 0x00007fff5ee1a000 	C:\WINDOWS\System32\GDI32.dll
0x00007fff5d1b0000 - 0x00007fff5d2ce000 	C:\WINDOWS\System32\gdi32full.dll
0x00007fff5d110000 - 0x00007fff5d1ad000 	C:\WINDOWS\System32\msvcp_win.dll
0x00007fff54560000 - 0x00007fff5457b000 	C:\Users\DOUGLAS\.jdks\openjdk-20.0.1\bin\VCRUNTIME140.dll
0x00007fff48030000 - 0x00007fff482d5000 	C:\WINDOWS\WinSxS\amd64_microsoft.windows.common-controls_6595b64144ccf1df_6.0.22000.120_none_9d947278b86cc467\COMCTL32.dll
0x00007fff5de20000 - 0x00007fff5dec3000 	C:\WINDOWS\System32\msvcrt.dll
0x00007fff5eac0000 - 0x00007fff5eaf1000 	C:\WINDOWS\System32\IMM32.DLL
0x00007fff546b0000 - 0x00007fff546bc000 	C:\Users\DOUGLAS\.jdks\openjdk-20.0.1\bin\vcruntime140_1.dll
0x00007fff3c4a0000 - 0x00007fff3c52e000 	C:\Users\DOUGLAS\.jdks\openjdk-20.0.1\bin\msvcp140.dll
0x00007ffef69c0000 - 0x00007ffef7657000 	C:\Users\DOUGLAS\.jdks\openjdk-20.0.1\bin\server\jvm.dll
0x00007fff5e980000 - 0x00007fff5ea2e000 	C:\WINDOWS\System32\ADVAPI32.dll
0x00007fff5ee40000 - 0x00007fff5eede000 	C:\WINDOWS\System32\sechost.dll
0x00007fff5d800000 - 0x00007fff5d921000 	C:\WINDOWS\System32\RPCRT4.dll
0x00007fff3bc00000 - 0x00007fff3bc09000 	C:\WINDOWS\SYSTEM32\WSOCK32.dll
0x00007fff5dd40000 - 0x00007fff5ddaf000 	C:\WINDOWS\System32\WS2_32.dll
0x00007fff57640000 - 0x00007fff57673000 	C:\WINDOWS\SYSTEM32\WINMM.dll
0x00007fff52fe0000 - 0x00007fff52fea000 	C:\WINDOWS\SYSTEM32\VERSION.dll
0x00007fff5b940000 - 0x00007fff5b958000 	C:\WINDOWS\SYSTEM32\kernel.appcore.dll
0x00007fff54550000 - 0x00007fff5455a000 	C:\Users\DOUGLAS\.jdks\openjdk-20.0.1\bin\jimage.dll
0x00007fff5a510000 - 0x00007fff5a731000 	C:\WINDOWS\SYSTEM32\DBGHELP.DLL
0x00007fff47980000 - 0x00007fff479b1000 	C:\WINDOWS\SYSTEM32\dbgcore.DLL
0x00007fff5d060000 - 0x00007fff5d0df000 	C:\WINDOWS\System32\bcryptPrimitives.dll
0x00007fff58d10000 - 0x00007fff58d1e000 	C:\Users\DOUGLAS\.jdks\openjdk-20.0.1\bin\instrument.dll
0x00007fff3e5a0000 - 0x00007fff3e5c6000 	C:\Users\DOUGLAS\.jdks\openjdk-20.0.1\bin\java.dll
0x00007fff349f0000 - 0x00007fff34ac7000 	C:\Users\DOUGLAS\.jdks\openjdk-20.0.1\bin\jsvml.dll
0x00007fff5e180000 - 0x00007fff5e945000 	C:\WINDOWS\System32\SHELL32.dll
0x00007fff5a9a0000 - 0x00007fff5b202000 	C:\WINDOWS\SYSTEM32\windows.storage.dll
0x00007fff5d2d0000 - 0x00007fff5d646000 	C:\WINDOWS\System32\combase.dll
0x00007fff5a830000 - 0x00007fff5a997000 	C:\WINDOWS\SYSTEM32\wintypes.dll
0x00007fff5dee0000 - 0x00007fff5dfca000 	C:\WINDOWS\System32\SHCORE.dll
0x00007fff5f3e0000 - 0x00007fff5f43d000 	C:\WINDOWS\System32\shlwapi.dll
0x00007fff5c840000 - 0x00007fff5c865000 	C:\WINDOWS\SYSTEM32\profapi.dll
0x00007fff3e430000 - 0x00007fff3e448000 	C:\Users\DOUGLAS\.jdks\openjdk-20.0.1\bin\zip.dll
0x00007fff3e610000 - 0x00007fff3e623000 	C:\Users\DOUGLAS\.jdks\openjdk-20.0.1\bin\net.dll
0x00007fff52a70000 - 0x00007fff52b84000 	C:\WINDOWS\SYSTEM32\WINHTTP.dll
0x00007fff5bde0000 - 0x00007fff5be47000 	C:\WINDOWS\system32\mswsock.dll
0x00007fff3e450000 - 0x00007fff3e466000 	C:\Users\DOUGLAS\.jdks\openjdk-20.0.1\bin\nio.dll
0x00007fff45400000 - 0x00007fff4541a000 	C:\Program Files\JetBrains\IntelliJ IDEA Community Edition 2023.1\bin\breakgen64.dll
0x00007fff3ea20000 - 0x00007fff3ea27000 	C:\Users\DOUGLAS\.jdks\openjdk-20.0.1\bin\extnet.dll

dbghelp: loaded successfully - version: 4.0.5 - missing functions: none
symbol engine: initialized successfully - sym options: 0x614 - pdb path: .;C:\Users\DOUGLAS\.jdks\openjdk-20.0.1\bin;C:\WINDOWS\SYSTEM32;C:\WINDOWS\WinSxS\amd64_microsoft.windows.common-controls_6595b64144ccf1df_6.0.22000.120_none_9d947278b86cc467;C:\Users\DOUGLAS\.jdks\openjdk-20.0.1\bin\server;C:\Program Files\JetBrains\IntelliJ IDEA Community Edition 2023.1\bin

VM Arguments:
jvm_args: -javaagent:C:\Program Files\JetBrains\IntelliJ IDEA Community Edition 2023.1\lib\idea_rt.jar=60215:C:\Program Files\JetBrains\IntelliJ IDEA Community Edition 2023.1\bin -Dfile.encoding=UTF-8 -Dsun.stdout.encoding=UTF-8 -Dsun.stderr.encoding=UTF-8 
java_command: com.douglasholanda.doug.Application
java_class_path (initial): C:\Users\DOUGLAS\Downloads\doug\doug\target\classes;C:\Users\DOUGLAS\.m2\repository\org\springframework\boot\spring-boot-starter-web\3.1.5\spring-boot-starter-web-3.1.5.jar;C:\Users\DOUGLAS\.m2\repository\org\springframework\boot\spring-boot-starter\3.1.5\spring-boot-starter-3.1.5.jar;C:\Users\DOUGLAS\.m2\repository\org\springframework\boot\spring-boot\3.1.5\spring-boot-3.1.5.jar;C:\Users\DOUGLAS\.m2\repository\org\springframework\boot\spring-boot-autoconfigure\3.1.5\spring-boot-autoconfigure-3.1.5.jar;C:\Users\DOUGLAS\.m2\repository\org\springframework\boot\spring-boot-starter-logging\3.1.5\spring-boot-starter-logging-3.1.5.jar;C:\Users\DOUGLAS\.m2\repository\ch\qos\logback\logback-classic\1.4.11\logback-classic-1.4.11.jar;C:\Users\DOUGLAS\.m2\repository\ch\qos\logback\logback-core\1.4.11\logback-core-1.4.11.jar;C:\Users\DOUGLAS\.m2\repository\org\apache\logging\log4j\log4j-to-slf4j\2.20.0\log4j-to-slf4j-2.20.0.jar;C:\Users\DOUGLAS\.m2\repository\org\apache\logging\log4j\log4j-api\2.20.0\log4j-api-2.20.0.jar;C:\Users\DOUGLAS\.m2\repository\org\slf4j\jul-to-slf4j\2.0.9\jul-to-slf4j-2.0.9.jar;C:\Users\DOUGLAS\.m2\repository\jakarta\annotation\jakarta.annotation-api\2.1.1\jakarta.annotation-api-2.1.1.jar;C:\Users\DOUGLAS\.m2\repository\org\yaml\snakeyaml\1.33\snakeyaml-1.33.jar;C:\Users\DOUGLAS\.m2\repository\org\springframework\boot\spring-boot-starter-json\3.1.5\spring-boot-starter-json-3.1.5.jar;C:\Users\DOUGLAS\.m2\repository\com\fasterxml\jackson\core\jackson-databind\2.15.3\jackson-databind-2.15.3.jar;C:\Users\DOUGLAS\.m2\repository\com\fasterxml\jackson\core\jackson-annotations\2.15.3\jackson-annotations-2.15.3.jar;C:\Users\DOUGLAS\.m2\repository\com\fasterxml\jackson\core\jackson-core\2.15.3\jackson-core-2.15.3.jar;C:\Users\DOUGLAS\.m2\repository\com\fasterxml\jackson\datatype\jackson-datatype-jdk8\2.15.3\jackson-datatype-jdk8-2.15.3.jar;C:\Users\DOUGLAS\.m2\repository\com\fasterxml\jackson\datatype\jackson-datatype-jsr310\2.15.3\jackson-datatype-jsr310-2.15.3.jar;C:\Users\DOUGLAS\.m2\repository\com\fasterxml\jackson\module\jackson-module-parameter-names\2.15.3\jackson-module-parameter-names-2.15.3.jar;C:\Users\DOUGLAS\.m2\repository\org\springframework\boot\spring-boot-starter-tomcat\3.1.5\spring-boot-starter-tomcat-3.1.5.jar;C:\Users\DOUGLAS\.m2\repository\org\apache\tomcat\embed\tomcat-embed-core\10.1.15\tomcat-embed-core-10.1.15.jar;C:\Users\DOUGLAS\.m2\repository\org\apache\tomcat\embed\tomcat-embed-el\10.1.15\tomcat-embed-el-10.1.15.jar;C:\Users\DOUGLAS\.m2\repository\org\apache\tomcat\embed\tomcat-embed-websocket\10.1.15\tomcat-embed-websocket-10.1.15.jar;C:\Users\DOUGLAS\.m2\repository\org\springframework\spring-web\6.0.13\spring-web-6.0.13.jar;C:\Users\DOUGLAS\.m2\repository\org\springframework\spring-beans\6.0.13\spring-beans-6.0.13.jar;C:\Users\DOUGLAS\.m2\repository\io\micrometer\micrometer-observation\1.11.5\micrometer-observation-1.11.5.jar;C:\Users\DOUGLAS\.m2\repository\io\micrometer\micrometer-commons\1.11.5\micrometer-commons-1.11.5.jar;C:\Users\DOUGLAS\.m2\repository\org\springframework\spring-webmvc\6.0.13\spring-webmvc-6.0.13.jar;C:\Users\DOUGLAS\.m2\repository\org\springframework\spring-aop\6.0.13\spring-aop-6.0.13.jar;C:\Users\DOUGLAS\.m2\repository\org\springframework\spring-context\6.0.13\spring-context-6.0.13.jar;C:\Users\DOUGLAS\.m2\repository\org\springframework\spring-expression\6.0.13\spring-expression-6.0.13.jar;C:\Users\DOUGLAS\.m2\repository\org\slf4j\slf4j-api\2.0.9\slf4j-api-2.0.9.jar;C:\Users\DOUGLAS\.m2\repository\org\springframework\spring-core\6.0.13\spring-core-6.0.13.jar;C:\Users\DOUGLAS\.m2\repository\org\springframework\spring-jcl\6.0.13\spring-jcl-6.0.13.jar
Launcher Type: SUN_STANDARD

[Global flags]
     intx CICompilerCount                          = 2                                         {product} {ergonomic}
     uint ConcGCThreads                            = 1                                         {product} {ergonomic}
     uint G1ConcRefinementThreads                  = 2                                         {product} {ergonomic}
   size_t G1HeapRegionSize                         = 1048576                                   {product} {ergonomic}
    uintx GCDrainStackTargetSize                   = 64                                        {product} {ergonomic}
   size_t InitialHeapSize                          = 65011712                                  {product} {ergonomic}
   size_t MarkStackSize                            = 4194304                                   {product} {ergonomic}
   size_t MaxHeapSize                              = 1027604480                                {product} {ergonomic}
   size_t MaxNewSize                               = 616562688                                 {product} {ergonomic}
   size_t MinHeapDeltaBytes                        = 1048576                                   {product} {ergonomic}
   size_t MinHeapSize                              = 8388608                                   {product} {ergonomic}
    uintx NonNMethodCodeHeapSize                   = 5826188                                {pd product} {ergonomic}
    uintx NonProfiledCodeHeapSize                  = 122916026                              {pd product} {ergonomic}
    uintx ProfiledCodeHeapSize                     = 122916026                              {pd product} {ergonomic}
    uintx ReservedCodeCacheSize                    = 251658240                              {pd product} {ergonomic}
     bool SegmentedCodeCache                       = true                                      {product} {ergonomic}
   size_t SoftMaxHeapSize                          = 1027604480                             {manageable} {ergonomic}
     bool UseCompressedClassPointers               = true                           {product lp64_product} {ergonomic}
     bool UseCompressedOops                        = true                           {product lp64_product} {ergonomic}
     bool UseG1GC                                  = true                                      {product} {ergonomic}
     bool UseLargePagesIndividualAllocation        = false                                  {pd product} {ergonomic}

Logging:
Log output configuration:
 #0: stdout all=warning uptime,level,tags foldmultilines=false
 #1: stderr all=off uptime,level,tags foldmultilines=false

Environment Variables:
PATH=C:\Python311\Scripts\;C:\Python311\;C:\WINDOWS\system32;C:\WINDOWS;C:\WINDOWS\System32\Wbem;C:\WINDOWS\System32\WindowsPowerShell\v1.0\;C:\WINDOWS\System32\OpenSSH\;C:\MinGW\bin;C:\Users\DOUGLAS\Downloads\openjdk-11+28_windows-x64_bin\jdk-11\bin;C:\Program Files\Microsoft VS Code\bin;C:\Program Files\Git\cmd;C:\ProgramData\chocolatey\bin;C:\Program Files\nodejs\;C:\xampp\php;C:\Users\DOUGLAS\AppData\Local\Programs\Python\Python310\;C:\Users\DOUGLAS\AppData\Local\Microsoft\WindowsApps;C:\Program Files\JetBrains\IntelliJ IDEA 2023.1\bin;;C:\Program Files\JetBrains\IntelliJ IDEA Community Edition 2023.1\bin;;C:\Program Files\JetBrains\PyCharm Community Edition 2023.1\bin;;C:\Users\DOUGLAS\AppData\Roaming\npm
USERNAME=DOUGLAS
OS=Windows_NT
PROCESSOR_IDENTIFIER=Intel64 Family 6 Model 122 Stepping 8, GenuineIntel
TMP=C:\Users\DOUGLAS\AppData\Local\Temp
TEMP=C:\Users\DOUGLAS\AppData\Local\Temp




---------------  S Y S T E M  ---------------

OS:
 Windows 11 , 64 bit Build 22000 (10.0.22000.2538)
OS uptime: 11 days 11:17 hours
Hyper-V role detected

CPU: total 2 (initial active 2) (2 cores per cpu, 1 threads per core) family 6 model 122 stepping 8 microcode 0x18, cx8, cmov, fxsr, mmx, 3dnowpref, sse, sse2, sse3, ssse3, sse4.1, sse4.2, popcnt, tsc, tscinvbit, aes, erms, clmul, sha, clflush, clflushopt, hv, rdtscp, rdpid

Memory: 4k page, system-wide physical 3916M (389M free)
TotalPageFile size 15692M (AvailPageFile size 2M)
current process WorkingSet (physical memory assigned to process): 53M, peak: 53M
current process commit charge ("private bytes"): 137M, peak: 137M

vm_info: OpenJDK 64-Bit Server VM (20.0.1+9-29) for windows-amd64 JRE (20.0.1+9-29), built on 2023-03-07T13:56:11Z by "mach5one" with MS VC++ 17.1 (VS2022)

END.
